<?xml version="1.0" encoding="UTF-8"?>
<!-- Generated by org.testng.reporters.JUnitReportReporter -->
<testsuite hostname="HIMANSHU" failures="0" tests="3" name="dev.restPractice.ZipTest" time="5.053" errors="0" timestamp="17 Feb 2022 19:36:45 GMT" skipped="0">
  <testcase classname="dev.restPractice.ZipTest" name="testPlaceByZip" time="1.227"/>
  <testcase classname="dev.restPractice.ZipTest" name="testPlaceByZip" time="1.110"/>
  <testcase classname="dev.restPractice.ZipTest" name="testPlaceByZip" time="2.716"/>
</testsuite> <!-- dev.restPractice.ZipTest -->
